<?xml version="1.0" encoding="UTF-8"?>
<!-- Generated by org.testng.reporters.JUnitReportReporter -->
<testsuite hostname="student-virtual-machine" name="com.Assignment3.TestRefactoredShapes" tests="3" failures="0" timestamp="13 Mar 2016 19:26:16 GMT" time="0.468" errors="0">
  <testcase name="testSides" time="0.025" classname="com.Assignment3.TestRefactoredShapes"/>
  <testcase name="testName" time="0.026" classname="com.Assignment3.TestRefactoredShapes"/>
  <testcase name="testColour" time="0.417" classname="com.Assignment3.TestRefactoredShapes"/>
</testsuite> <!-- com.Assignment3.TestRefactoredShapes -->
